  正在验证源
  正在将源远程复制到“110.110.110.2”
  正在验证体系结构
  正在验证体系结构
  正在启动远程生成
  正在编译源:
  SRuser.c
E:\Code\Linux_C\0423\SRuser\SRuser.c(49,128): warning : suggest braces around empty body in an ‘if’ statement [-Wempty-body]
E:\Code\Linux_C\0423\SRuser\SRuser.c(49,128): warning :    49 |                 if (sendto(sockFD, message, strlen(message), 0, (const struct sockaddr*)(&targetAddr), sizeof(targetAddr)) > 0); {
E:\Code\Linux_C\0423\SRuser\SRuser.c(49,128): warning :       |                                                                                                                                ^
E:\Code\Linux_C\0423\SRuser\SRuser.c(49,17): warning : this ‘if’ clause does not guard... [-Wmisleading-indentation]
E:\Code\Linux_C\0423\SRuser\SRuser.c(49,17): warning :    49 |                 if (sendto(sockFD, message, strlen(message), 0, (const struct sockaddr*)(&targetAddr), sizeof(targetAddr)) > 0); {
E:\Code\Linux_C\0423\SRuser\SRuser.c(49,17): warning :       |                 ^~
E:\Code\Linux_C\0423\SRuser\SRuser.c(49,130): message : ...this statement, but the latter is misleadingly indented as if it were guarded by the ‘if’
E:\Code\Linux_C\0423\SRuser\SRuser.c(49,130): message :    49 |                 if (sendto(sockFD, message, strlen(message), 0, (const struct sockaddr*)(&targetAddr), sizeof(targetAddr)) > 0); {
E:\Code\Linux_C\0423\SRuser\SRuser.c(49,130): message :       |                                                                                                                                  ^
E:\Code\Linux_C\0423\SRuser\SRuser.c(52,34): warning : conversion to ‘unsigned int’ from ‘int’ may change the sign of the result [-Wsign-conversion]
E:\Code\Linux_C\0423\SRuser\SRuser.c(52,34): warning :    52 |                 sleep(rand() % 3 + 2);
E:\Code\Linux_C\0423\SRuser\SRuser.c(52,34): warning :       |                       ~~~~~~~~~~~^~~
E:\Code\Linux_C\0423\SRuser\SRuser.c(76,42): warning : conversion to ‘unsigned int’ from ‘int’ may change the sign of the result [-Wsign-conversion]
E:\Code\Linux_C\0423\SRuser\SRuser.c(76,42): warning :    76 |                         sleep(rand() % 3 + 1);
E:\Code\Linux_C\0423\SRuser\SRuser.c(76,42): warning :       |                               ~~~~~~~~~~~^~~
E:\Code\Linux_C\0423\SRuser\SRuser.c(81,34): warning : conversion to ‘unsigned int’ from ‘int’ may change the sign of the result [-Wsign-conversion]
E:\Code\Linux_C\0423\SRuser\SRuser.c(81,34): warning :    81 |                 sleep(rand() % 3 + 1);
E:\Code\Linux_C\0423\SRuser\SRuser.c(81,34): warning :       |                       ~~~~~~~~~~~^~~
  正在链接对象
  SRuser.vcxproj -> E:\Code\Linux_C\0423\SRuser\bin\x64\Debug\SRuser.out
